2019/12/10 16:12:17 net/http: invalid Cookie.Domain "wanter.work:8080"; dropping domain attribute
2019/12/10 16:12:31 net/http: invalid Cookie.Domain "wanter.work:8080"; dropping domain attribute
2019/12/10 16:12:41 net/http: invalid Cookie.Domain "wanter.work:8080"; dropping domain attribute
2019/12/10 16:12:56 net/http: invalid Cookie.Domain "wanter.work:8080"; dropping domain attribute
2019/12/10 16:23:19 net/http: invalid Cookie.Domain "wanter.work:8080"; dropping domain attribute
2019/12/10 16:23:22 http: panic serving 220.184.255.190:11350: runtime error: invalid memory address or nil pointer dereference
goroutine 47 [running]:
net/http.(*conn).serve.func1(0xc00019c5a0)
	/usr/local/go/src/net/http/server.go:1767 +0x139
panic(0x805680, 0xbb5a20)
	/usr/local/go/src/runtime/panic.go:679 +0x1b2
text/template.errRecover(0xc0000cda38)
	/usr/local/go/src/text/template/exec.go:164 +0x1cb
panic(0x805680, 0xbb5a20)
	/usr/local/go/src/runtime/panic.go:679 +0x1b2
text/template.(*Template).execute(0x0, 0x90dd80, 0xc0000d4ee0, 0x0, 0x0, 0x0, 0x0)
	/usr/local/go/src/text/template/exec.go:218 +0x1c1
text/template.(*Template).Execute(...)
	/usr/local/go/src/text/template/exec.go:204
main.simpleUpload(0x915500, 0xc0000d4ee0, 0xc0001a2c00)
	/root/go/src/GoWatch/main.go:140 +0xec
net/http.HandlerFunc.ServeHTTP(0x89a920, 0x915500, 0xc0000d4ee0, 0xc0001a2c00)
	/usr/local/go/src/net/http/server.go:2007 +0x44
main.LoginMiddleware.func1(0x915500, 0xc0000d4ee0, 0xc0001a2c00)
	/root/go/src/GoWatch/main.go:120 +0x21b
net/http.HandlerFunc.ServeHTTP(0xc00000e6c0, 0x915500, 0xc0000d4ee0, 0xc0001a2c00)
	/usr/local/go/src/net/http/server.go:2007 +0x44
net/http.(*ServeMux).ServeHTTP(0xbc3900, 0x915500, 0xc0000d4ee0, 0xc0001a2c00)
	/usr/local/go/src/net/http/server.go:2387 +0x1bd
net/http.serverHandler.ServeHTTP(0xc0000d4000, 0x915500, 0xc0000d4ee0, 0xc0001a2c00)
	/usr/local/go/src/net/http/server.go:2802 +0xa4
net/http.(*conn).serve(0xc00019c5a0, 0x916100, 0xc000063a80)
	/usr/local/go/src/net/http/server.go:1890 +0x875
created by net/http.(*Server).Serve
	/usr/local/go/src/net/http/server.go:2928 +0x384
2019/12/10 16:23:22 http: panic serving 220.184.255.190:48001: runtime error: invalid memory address or nil pointer dereference
goroutine 56 [running]:
net/http.(*conn).serve.func1(0xc00019c960)
	/usr/local/go/src/net/http/server.go:1767 +0x139
panic(0x805680, 0xbb5a20)
	/usr/local/go/src/runtime/panic.go:679 +0x1b2
text/template.errRecover(0xc0000cda38)
	/usr/local/go/src/text/template/exec.go:164 +0x1cb
panic(0x805680, 0xbb5a20)
	/usr/local/go/src/runtime/panic.go:679 +0x1b2
text/template.(*Template).execute(0x0, 0x90dd80, 0xc0000d4fc0, 0x0, 0x0, 0x0, 0x0)
	/usr/local/go/src/text/template/exec.go:218 +0x1c1
text/template.(*Template).Execute(...)
	/usr/local/go/src/text/template/exec.go:204
main.simpleUpload(0x915500, 0xc0000d4fc0, 0xc0001a2d00)
	/root/go/src/GoWatch/main.go:140 +0xec
net/http.HandlerFunc.ServeHTTP(0x89a920, 0x915500, 0xc0000d4fc0, 0xc0001a2d00)
	/usr/local/go/src/net/http/server.go:2007 +0x44
main.LoginMiddleware.func1(0x915500, 0xc0000d4fc0, 0xc0001a2d00)
	/root/go/src/GoWatch/main.go:120 +0x21b
net/http.HandlerFunc.ServeHTTP(0xc00000e6c0, 0x915500, 0xc0000d4fc0, 0xc0001a2d00)
	/usr/local/go/src/net/http/server.go:2007 +0x44
net/http.(*ServeMux).ServeHTTP(0xbc3900, 0x915500, 0xc0000d4fc0, 0xc0001a2d00)
	/usr/local/go/src/net/http/server.go:2387 +0x1bd
net/http.serverHandler.ServeHTTP(0xc0000d4000, 0x915500, 0xc0000d4fc0, 0xc0001a2d00)
	/usr/local/go/src/net/http/server.go:2802 +0xa4
net/http.(*conn).serve(0xc00019c960, 0x916100, 0xc000063f00)
	/usr/local/go/src/net/http/server.go:1890 +0x875
created by net/http.(*Server).Serve
	/usr/local/go/src/net/http/server.go:2928 +0x384
2019/12/10 16:23:22 http: panic serving 220.184.255.190:48000: runtime error: invalid memory address or nil pointer dereference
goroutine 58 [running]:
net/http.(*conn).serve.func1(0xc00019caa0)
	/usr/local/go/src/net/http/server.go:1767 +0x139
panic(0x805680, 0xbb5a20)
	/usr/local/go/src/runtime/panic.go:679 +0x1b2
text/template.errRecover(0xc0000cda38)
	/usr/local/go/src/text/template/exec.go:164 +0x1cb
panic(0x805680, 0xbb5a20)
	/usr/local/go/src/runtime/panic.go:679 +0x1b2
text/template.(*Template).execute(0x0, 0x90dd80, 0xc0000d50a0, 0x0, 0x0, 0x0, 0x0)
	/usr/local/go/src/text/template/exec.go:218 +0x1c1
text/template.(*Template).Execute(...)
	/usr/local/go/src/text/template/exec.go:204
main.simpleUpload(0x915500, 0xc0000d50a0, 0xc0001a2e00)
	/root/go/src/GoWatch/main.go:140 +0xec
net/http.HandlerFunc.ServeHTTP(0x89a920, 0x915500, 0xc0000d50a0, 0xc0001a2e00)
	/usr/local/go/src/net/http/server.go:2007 +0x44
main.LoginMiddleware.func1(0x915500, 0xc0000d50a0, 0xc0001a2e00)
	/root/go/src/GoWatch/main.go:120 +0x21b
net/http.HandlerFunc.ServeHTTP(0xc00000e6c0, 0x915500, 0xc0000d50a0, 0xc0001a2e00)
	/usr/local/go/src/net/http/server.go:2007 +0x44
net/http.(*ServeMux).ServeHTTP(0xbc3900, 0x915500, 0xc0000d50a0, 0xc0001a2e00)
	/usr/local/go/src/net/http/server.go:2387 +0x1bd
net/http.serverHandler.ServeHTTP(0xc0000d4000, 0x915500, 0xc0000d50a0, 0xc0001a2e00)
	/usr/local/go/src/net/http/server.go:2802 +0xa4
net/http.(*conn).serve(0xc00019caa0, 0x916100, 0xc0001ee040)
	/usr/local/go/src/net/http/server.go:1890 +0x875
created by net/http.(*Server).Serve
	/usr/local/go/src/net/http/server.go:2928 +0x384
2019/12/10 16:23:23 http: panic serving 220.184.255.190:47999: runtime error: invalid memory address or nil pointer dereference
goroutine 60 [running]:
net/http.(*conn).serve.func1(0xc00019cbe0)
	/usr/local/go/src/net/http/server.go:1767 +0x139
panic(0x805680, 0xbb5a20)
	/usr/local/go/src/runtime/panic.go:679 +0x1b2
text/template.errRecover(0xc0000cda38)
	/usr/local/go/src/text/template/exec.go:164 +0x1cb
panic(0x805680, 0xbb5a20)
	/usr/local/go/src/runtime/panic.go:679 +0x1b2
text/template.(*Template).execute(0x0, 0x90dd80, 0xc0000d5180, 0x0, 0x0, 0x0, 0x0)
	/usr/local/go/src/text/template/exec.go:218 +0x1c1
text/template.(*Template).Execute(...)
	/usr/local/go/src/text/template/exec.go:204
main.simpleUpload(0x915500, 0xc0000d5180, 0xc0001a2f00)
	/root/go/src/GoWatch/main.go:140 +0xec
net/http.HandlerFunc.ServeHTTP(0x89a920, 0x915500, 0xc0000d5180, 0xc0001a2f00)
	/usr/local/go/src/net/http/server.go:2007 +0x44
main.LoginMiddleware.func1(0x915500, 0xc0000d5180, 0xc0001a2f00)
	/root/go/src/GoWatch/main.go:120 +0x21b
net/http.HandlerFunc.ServeHTTP(0xc00000e6c0, 0x915500, 0xc0000d5180, 0xc0001a2f00)
	/usr/local/go/src/net/http/server.go:2007 +0x44
net/http.(*ServeMux).ServeHTTP(0xbc3900, 0x915500, 0xc0000d5180, 0xc0001a2f00)
	/usr/local/go/src/net/http/server.go:2387 +0x1bd
net/http.serverHandler.ServeHTTP(0xc0000d4000, 0x915500, 0xc0000d5180, 0xc0001a2f00)
	/usr/local/go/src/net/http/server.go:2802 +0xa4
net/http.(*conn).serve(0xc00019cbe0, 0x916100, 0xc0001ee180)
	/usr/local/go/src/net/http/server.go:1890 +0x875
created by net/http.(*Server).Serve
	/usr/local/go/src/net/http/server.go:2928 +0x384
2019/12/10 16:23:28 http: panic serving 220.184.255.190:11392: runtime error: invalid memory address or nil pointer dereference
goroutine 62 [running]:
net/http.(*conn).serve.func1(0xc00019cd20)
	/usr/local/go/src/net/http/server.go:1767 +0x139
panic(0x805680, 0xbb5a20)
	/usr/local/go/src/runtime/panic.go:679 +0x1b2
text/template.errRecover(0xc0000cda38)
	/usr/local/go/src/text/template/exec.go:164 +0x1cb
panic(0x805680, 0xbb5a20)
	/usr/local/go/src/runtime/panic.go:679 +0x1b2
text/template.(*Template).execute(0x0, 0x90dd80, 0xc0000d5260, 0x0, 0x0, 0x0, 0x0)
	/usr/local/go/src/text/template/exec.go:218 +0x1c1
text/template.(*Template).Execute(...)
	/usr/local/go/src/text/template/exec.go:204
main.simpleUpload(0x915500, 0xc0000d5260, 0xc0001a3000)
	/root/go/src/GoWatch/main.go:140 +0xec
net/http.HandlerFunc.ServeHTTP(0x89a920, 0x915500, 0xc0000d5260, 0xc0001a3000)
	/usr/local/go/src/net/http/server.go:2007 +0x44
main.LoginMiddleware.func1(0x915500, 0xc0000d5260, 0xc0001a3000)
	/root/go/src/GoWatch/main.go:120 +0x21b
net/http.HandlerFunc.ServeHTTP(0xc00000e6c0, 0x915500, 0xc0000d5260, 0xc0001a3000)
	/usr/local/go/src/net/http/server.go:2007 +0x44
net/http.(*ServeMux).ServeHTTP(0xbc3900, 0x915500, 0xc0000d5260, 0xc0001a3000)
	/usr/local/go/src/net/http/server.go:2387 +0x1bd
net/http.serverHandler.ServeHTTP(0xc0000d4000, 0x915500, 0xc0000d5260, 0xc0001a3000)
	/usr/local/go/src/net/http/server.go:2802 +0xa4
net/http.(*conn).serve(0xc00019cd20, 0x916100, 0xc0001ee2c0)
	/usr/local/go/src/net/http/server.go:1890 +0x875
created by net/http.(*Server).Serve
	/usr/local/go/src/net/http/server.go:2928 +0x384
2019/12/10 16:23:28 http: panic serving 220.184.255.190:47981: runtime error: invalid memory address or nil pointer dereference
goroutine 64 [running]:
net/http.(*conn).serve.func1(0xc00019ce60)
	/usr/local/go/src/net/http/server.go:1767 +0x139
panic(0x805680, 0xbb5a20)
	/usr/local/go/src/runtime/panic.go:679 +0x1b2
text/template.errRecover(0xc0000cda38)
	/usr/local/go/src/text/template/exec.go:164 +0x1cb
panic(0x805680, 0xbb5a20)
	/usr/local/go/src/runtime/panic.go:679 +0x1b2
text/template.(*Template).execute(0x0, 0x90dd80, 0xc0000d5340, 0x0, 0x0, 0x0, 0x0)
	/usr/local/go/src/text/template/exec.go:218 +0x1c1
text/template.(*Template).Execute(...)
	/usr/local/go/src/text/template/exec.go:204
main.simpleUpload(0x915500, 0xc0000d5340, 0xc0001a3100)
	/root/go/src/GoWatch/main.go:140 +0xec
net/http.HandlerFunc.ServeHTTP(0x89a920, 0x915500, 0xc0000d5340, 0xc0001a3100)
	/usr/local/go/src/net/http/server.go:2007 +0x44
main.LoginMiddleware.func1(0x915500, 0xc0000d5340, 0xc0001a3100)
	/root/go/src/GoWatch/main.go:120 +0x21b
net/http.HandlerFunc.ServeHTTP(0xc00000e6c0, 0x915500, 0xc0000d5340, 0xc0001a3100)
	/usr/local/go/src/net/http/server.go:2007 +0x44
net/http.(*ServeMux).ServeHTTP(0xbc3900, 0x915500, 0xc0000d5340, 0xc0001a3100)
	/usr/local/go/src/net/http/server.go:2387 +0x1bd
net/http.serverHandler.ServeHTTP(0xc0000d4000, 0x915500, 0xc0000d5340, 0xc0001a3100)
	/usr/local/go/src/net/http/server.go:2802 +0xa4
net/http.(*conn).serve(0xc00019ce60, 0x916100, 0xc0001ee400)
	/usr/local/go/src/net/http/server.go:1890 +0x875
created by net/http.(*Server).Serve
	/usr/local/go/src/net/http/server.go:2928 +0x384
2019/12/10 16:23:28 http: panic serving 220.184.255.190:47980: runtime error: invalid memory address or nil pointer dereference
goroutine 66 [running]:
net/http.(*conn).serve.func1(0xc00019cfa0)
	/usr/local/go/src/net/http/server.go:1767 +0x139
panic(0x805680, 0xbb5a20)
	/usr/local/go/src/runtime/panic.go:679 +0x1b2
text/template.errRecover(0xc0000cda38)
	/usr/local/go/src/text/template/exec.go:164 +0x1cb
panic(0x805680, 0xbb5a20)
	/usr/local/go/src/runtime/panic.go:679 +0x1b2
text/template.(*Template).execute(0x0, 0x90dd80, 0xc0000d5420, 0x0, 0x0, 0x0, 0x0)
	/usr/local/go/src/text/template/exec.go:218 +0x1c1
text/template.(*Template).Execute(...)
	/usr/local/go/src/text/template/exec.go:204
main.simpleUpload(0x915500, 0xc0000d5420, 0xc0001a3200)
	/root/go/src/GoWatch/main.go:140 +0xec
net/http.HandlerFunc.ServeHTTP(0x89a920, 0x915500, 0xc0000d5420, 0xc0001a3200)
	/usr/local/go/src/net/http/server.go:2007 +0x44
main.LoginMiddleware.func1(0x915500, 0xc0000d5420, 0xc0001a3200)
	/root/go/src/GoWatch/main.go:120 +0x21b
net/http.HandlerFunc.ServeHTTP(0xc00000e6c0, 0x915500, 0xc0000d5420, 0xc0001a3200)
	/usr/local/go/src/net/http/server.go:2007 +0x44
net/http.(*ServeMux).ServeHTTP(0xbc3900, 0x915500, 0xc0000d5420, 0xc0001a3200)
	/usr/local/go/src/net/http/server.go:2387 +0x1bd
net/http.serverHandler.ServeHTTP(0xc0000d4000, 0x915500, 0xc0000d5420, 0xc0001a3200)
	/usr/local/go/src/net/http/server.go:2802 +0xa4
net/http.(*conn).serve(0xc00019cfa0, 0x916100, 0xc0001ee540)
	/usr/local/go/src/net/http/server.go:1890 +0x875
created by net/http.(*Server).Serve
	/usr/local/go/src/net/http/server.go:2928 +0x384
2019/12/17 07:37:57 net/http: invalid Cookie.Domain "wanter.work:8080"; dropping domain attribute
2019/12/17 08:42:05 net/http: invalid Cookie.Domain "wanter.work:8080"; dropping domain attribute
